c:\users\nik20\desktop\programm\sirotinkopievskii\sirotinkopievskii\debug\vc141.pdb
c:\users\nik20\desktop\programm\sirotinkopievskii\sirotinkopievskii\debug\var.obj
c:\users\nik20\desktop\programm\sirotinkopievskii\sirotinkopievskii\debug\titulform.obj
c:\users\nik20\desktop\programm\sirotinkopievskii\sirotinkopievskii\debug\testssource.obj
c:\users\nik20\desktop\programm\sirotinkopievskii\sirotinkopievskii\debug\testselect.obj
c:\users\nik20\desktop\programm\sirotinkopievskii\sirotinkopievskii\debug\start.obj
c:\users\nik20\desktop\programm\sirotinkopievskii\sirotinkopievskii\debug\teor.obj
c:\users\nik20\desktop\programm\sirotinkopievskii\sirotinkopievskii\debug\teor2.obj
c:\users\nik20\desktop\programm\sirotinkopievskii\sirotinkopievskii\debug\settings.obj
c:\users\nik20\desktop\programm\sirotinkopievskii\sirotinkopievskii\debug\progressform.obj
c:\users\nik20\desktop\programm\sirotinkopievskii\sirotinkopievskii\debug\mainmenuform.obj
c:\users\nik20\desktop\programm\sirotinkopievskii\sirotinkopievskii\debug\login.obj
c:\users\nik20\desktop\programm\sirotinkopievskii\sirotinkopievskii\debug\entryform.obj
c:\users\nik20\desktop\programm\sirotinkopievskii\sirotinkopievskii\debug\cabinet.obj
c:\users\nik20\desktop\programm\sirotinkopievskii\sirotinkopievskii\debug\alltests.obj
c:\users\nik20\desktop\programm\sirotinkopievskii\sirotinkopievskii\debug\achivmentsform.obj
c:\users\nik20\desktop\programm\sirotinkopievskii\sirotinkopievskii\debug\.netframework,version=v4.6.1.assemblyattributes.obj
c:\users\nik20\desktop\programm\sirotinkopievskii\sirotinkopievskii\debug\.netframework,version=v4.6.1.assemblyattributes.asm
c:\users\nik20\desktop\programm\sirotinkopievskii\debug\sirotinkopievskii.exe
c:\users\nik20\desktop\programm\sirotinkopievskii\debug\sirotinkopievskii.pdb
c:\users\nik20\desktop\programm\sirotinkopievskii\sirotinkopievskii\debug\sirotink.889a59f3.tlog\metagen.write.1.tlog
c:\users\nik20\desktop\programm\sirotinkopievskii\debug\brokenpiano.dll
c:\users\nik20\desktop\programm\sirotinkopievskii\debug\interop.adox.2.8.dll
c:\users\nik20\desktop\programm\sirotinkopievskii\debug\brokenpiano.pdb
c:\users\nik20\desktop\programm\sirotinkopievskii\sirotinkopievskii\debug\sirotinkopievskii.achivmentsform.resources
c:\users\nik20\desktop\programm\sirotinkopievskii\sirotinkopievskii\debug\sirotinkopievskii.alltests.resources
c:\users\nik20\desktop\programm\sirotinkopievskii\sirotinkopievskii\debug\sirotinkopievskii.cabinet.resources
c:\users\nik20\desktop\programm\sirotinkopievskii\sirotinkopievskii\debug\sirotinkopievskii.entryform.resources
c:\users\nik20\desktop\programm\sirotinkopievskii\sirotinkopievskii\debug\sirotinkopievskii.login.resources
c:\users\nik20\desktop\programm\sirotinkopievskii\sirotinkopievskii\debug\sirotinkopievskii.mainmenuform.resources
c:\users\nik20\desktop\programm\sirotinkopievskii\sirotinkopievskii\debug\sirotinkopievskii.progressform.resources
c:\users\nik20\desktop\programm\sirotinkopievskii\sirotinkopievskii\debug\sirotinkopievskii.settings.resources
c:\users\nik20\desktop\programm\sirotinkopievskii\sirotinkopievskii\debug\sirotinkopievskii.teor2.resources
c:\users\nik20\desktop\programm\sirotinkopievskii\sirotinkopievskii\debug\sirotinkopievskii.teor.resources
c:\users\nik20\desktop\programm\sirotinkopievskii\sirotinkopievskii\debug\sirotinkopievskii.start.resources
c:\users\nik20\desktop\programm\sirotinkopievskii\sirotinkopievskii\debug\sirotinkopievskii.testselect.resources
c:\users\nik20\desktop\programm\sirotinkopievskii\sirotinkopievskii\debug\sirotinkopievskii.titulform.resources
c:\users\nik20\desktop\programm\sirotinkopievskii\sirotinkopievskii\debug\sirotinkopievskii.vcxproj.generateresource.cache
c:\users\nik20\desktop\programm\sirotinkopievskii\sirotinkopievskii\debug\sirotinkopievskii.vcxproj.resolvecomreference.cache
c:\users\nik20\desktop\programm\sirotinkopievskii\sirotinkopievskii\debug\sirotinkopievskii.vcxprojassemblyreference.cache
c:\users\nik20\desktop\programm\sirotinkopievskii\sirotinkopievskii\debug\sirotink.889a59f3.tlog\cl.command.1.tlog
c:\users\nik20\desktop\programm\sirotinkopievskii\sirotinkopievskii\debug\sirotink.889a59f3.tlog\cl.read.1.tlog
c:\users\nik20\desktop\programm\sirotinkopievskii\sirotinkopievskii\debug\sirotink.889a59f3.tlog\cl.write.1.tlog
c:\users\nik20\desktop\programm\sirotinkopievskii\sirotinkopievskii\debug\sirotink.889a59f3.tlog\link.command.1.tlog
c:\users\nik20\desktop\programm\sirotinkopievskii\sirotinkopievskii\debug\sirotink.889a59f3.tlog\link.read.1.tlog
c:\users\nik20\desktop\programm\sirotinkopievskii\sirotinkopievskii\debug\sirotink.889a59f3.tlog\link.write.1.tlog
c:\users\nik20\desktop\programm\sirotinkopievskii\sirotinkopievskii\debug\sirotink.889a59f3.tlog\metagen.read.1.tlog
c:\users\nik20\desktop\programm\sirotinkopievskii\sirotinkopievskii\debug\sirotink.889a59f3.tlog\sirotinkopievskii.write.1u.tlog
c:\users\nik20\desktop\programm\sirotinkopievskii\sirotinkopievskii\debug\sirotink.889a59f3.tlog\interop.adox.2.8.dll.metagen
